Copyright 1986-2022 Xilinx, Inc. All Rights Reserved.
------------------------------------------------------------------------------------
| Tool Version : Vivado v.2022.2 (win64) Build 3671981 Fri Oct 14 05:00:03 MDT 2022
| Date         : Mon Mar 31 22:12:06 2025
| Host         : Tims-Laptop running 64-bit major release  (build 9200)
| Command      : upgrade_ip
| Device       : xc7s50csga324-1
------------------------------------------------------------------------------------

Upgrade Log for IP 'design_1_hdmi_text_controller_0_1'

1. Summary
----------

CAUTION (success, with warnings) in the upgrade of design_1_hdmi_text_controller_0_1 (xilinx.com:user:hdmi_text_controller:1.0) from (Rev. 1) to (Rev. 3)

After upgrade, an IP may have parameter and port differences compared to the original customization. Please review the parameters within the IP customization GUI to ensure proper functionality. Also, please review the updated IP instantiation template to ensure proper connectivity, and update your design if required.

2. Interface Information
------------------------

Detected external interface differences while upgrading 'design_1_hdmi_text_controller_0_1'.


-Upgrade has added interface 'HDMI' (xilinx.com:interface:hdmi:2.0)


3. Connection Warnings
----------------------

Detected external port differences while upgrading 'design_1_hdmi_text_controller_0_1'. These changes may impact your design.


-Upgrade has added port 'hdmi_clk_n'

-Upgrade has added port 'hdmi_clk_p'

-Upgrade has added port 'hdmi_tx_n'

-Upgrade has added port 'hdmi_tx_p'


