Copyright 1986-2022 Xilinx, Inc. All Rights Reserved.
-------------------------------------------------------------------------------------
| Tool Version : Vivado v.2022.2 (win64) Build 3671981 Fri Oct 14 05:00:03 MDT 2022
| Date         : Fri Apr 18 02:22:44 2025
| Host         : DESKTOP-808U3NO running 64-bit major release  (build 9200)
| Command      : report_control_sets -verbose -file fpga_top_control_sets_placed.rpt
| Design       : fpga_top
| Device       : xc7s50
-------------------------------------------------------------------------------------

Control Set Information

Table of Contents
-----------------
1. Summary
2. Histogram
3. Flip-Flop Distribution
4. Detailed Control Set Information

1. Summary
----------

+----------------------------------------------------------+-------+
|                          Status                          | Count |
+----------------------------------------------------------+-------+
| Total control sets                                       |    81 |
|    Minimum number of control sets                        |    81 |
|    Addition due to synthesis replication                 |     0 |
|    Addition due to physical synthesis replication        |     0 |
| Unused register locations in slices containing registers |    65 |
+----------------------------------------------------------+-------+
* Control sets can be merged at opt_design using control_set_merge or merge_equivalent_drivers
** Run report_qor_suggestions for automated merging and remapping suggestions


2. Histogram
------------

+--------------------+-------+
|       Fanout       | Count |
+--------------------+-------+
| Total control sets |    81 |
| >= 0 to < 4        |     1 |
| >= 4 to < 6        |     4 |
| >= 6 to < 8        |     2 |
| >= 8 to < 10       |    60 |
| >= 10 to < 12      |     2 |
| >= 12 to < 14      |     0 |
| >= 14 to < 16      |     1 |
| >= 16              |    11 |
+--------------------+-------+
* Control sets can be remapped at either synth_design or opt_design


3. Flip-Flop Distribution
-------------------------

+--------------+-----------------------+------------------------+-----------------+--------------+
| Clock Enable | Synchronous Set/Reset | Asynchronous Set/Reset | Total Registers | Total Slices |
+--------------+-----------------------+------------------------+-----------------+--------------+
| No           | No                    | No                     |               0 |            0 |
| No           | No                    | Yes                    |             364 |          112 |
| No           | Yes                   | No                     |               0 |            0 |
| Yes          | No                    | No                     |             195 |           71 |
| Yes          | No                    | Yes                    |             768 |          279 |
| Yes          | Yes                   | No                     |               0 |            0 |
+--------------+-----------------------+------------------------+-----------------+--------------+


4. Detailed Control Set Information
-----------------------------------

+----------------------------+---------------------------------------------------------------------------------+-------------------------------------------------------------------------+------------------+----------------+--------------+
|        Clock Signal        |                                  Enable Signal                                  |                             Set/Reset Signal                            | Slice Load Count | Bel Load Count | Bels / Slice |
+----------------------------+---------------------------------------------------------------------------------+-------------------------------------------------------------------------+------------------+----------------+--------------+
|  u_clk_wiz_0/inst/clk_out1 | u_sd_spi_file_reader/u_sd_spi_sector_reader/u_spi_session/spi_mosi_i_1_n_0      | u_sd_spi_file_reader/u_sd_spi_sector_reader/u_spi_session/bbstub_locked |                1 |              1 |         1.00 |
|  u_clk_wiz_0/inst/clk_out1 | u_uart_tx/FSM_sequential_state[1]_i_1_n_0                                       | u_sd_spi_file_reader/u_sd_spi_sector_reader/u_spi_session/bbstub_locked |                2 |              4 |         2.00 |
|  u_clk_wiz_0/inst/clk_out1 | u_uart_tx/txcnt[3]_i_1_n_0                                                      | u_sd_spi_file_reader/u_sd_spi_sector_reader/u_spi_session/bbstub_locked |                1 |              4 |         4.00 |
|  u_clk_wiz_0/inst/clk_out1 | u_sd_spi_file_reader/u_sd_spi_sector_reader/raddr_reg[3]_1[0]                   |                                                                         |                2 |              4 |         2.00 |
|  u_clk_wiz_0/inst/clk_out1 | u_sd_spi_file_reader/u_sd_spi_sector_reader/u_spi_session/E[0]                  | u_sd_spi_file_reader/u_sd_spi_sector_reader/u_spi_session/bbstub_locked |                2 |              4 |         2.00 |
|  u_clk_wiz_0/inst/clk_out1 | u_sd_spi_file_reader/u_sd_spi_sector_reader/u_spi_session/highlow_i_1_n_0       | u_sd_spi_file_reader/u_sd_spi_sector_reader/u_spi_session/bbstub_locked |                2 |              6 |         3.00 |
|  u_clk_wiz_0/inst/clk_out1 | u_sd_spi_file_reader/u_sd_spi_sector_reader/raddr_reg[2]_2[0]                   |                                                                         |                1 |              7 |         7.00 |
|  u_clk_wiz_0/inst/clk_out1 | u_sd_spi_file_reader/u_sd_spi_sector_reader/filesystem_state_reg[1]_1[0]        | u_sd_spi_file_reader/u_sd_spi_sector_reader/u_spi_session/bbstub_locked |                5 |              8 |         1.60 |
|  u_clk_wiz_0/inst/clk_out1 | u_sd_spi_file_reader/u_sd_spi_sector_reader/u_spi_session/startc[7]_i_1_n_0     | u_sd_spi_file_reader/u_sd_spi_sector_reader/u_spi_session/bbstub_locked |                2 |              8 |         4.00 |
|  u_clk_wiz_0/inst/clk_out1 | u_sd_spi_file_reader/u_sd_spi_sector_reader/u_spi_session/waitc[7]_i_1_n_0      | u_sd_spi_file_reader/u_sd_spi_sector_reader/u_spi_session/bbstub_locked |                3 |              8 |         2.67 |
|  u_clk_wiz_0/inst/clk_out1 | u_sd_spi_file_reader/u_sd_spi_sector_reader/u_spi_session/stopc[7]_i_1_n_0      | u_sd_spi_file_reader/u_sd_spi_sector_reader/u_spi_session/bbstub_locked |                3 |              8 |         2.67 |
|  u_clk_wiz_0/inst/clk_out1 | u_sd_spi_file_reader/u_sd_spi_sector_reader/filesystem_state_reg[1]_6[0]        | u_sd_spi_file_reader/u_sd_spi_sector_reader/u_spi_session/bbstub_locked |                4 |              8 |         2.00 |
|  u_clk_wiz_0/inst/clk_out1 | u_sd_spi_file_reader/u_sd_spi_sector_reader/filesystem_state_reg[0]_1[0]        | u_sd_spi_file_reader/u_sd_spi_sector_reader/u_spi_session/bbstub_locked |                3 |              8 |         2.67 |
|  u_clk_wiz_0/inst/clk_out1 | u_sd_spi_file_reader/u_sd_spi_sector_reader/filesystem_state_reg[1]_9[0]        | u_sd_spi_file_reader/u_sd_spi_sector_reader/u_spi_session/bbstub_locked |                2 |              8 |         4.00 |
|  u_clk_wiz_0/inst/clk_out1 | u_sd_spi_file_reader/u_sd_spi_sector_reader/filesystem_state_reg[1]_8[0]        | u_sd_spi_file_reader/u_sd_spi_sector_reader/u_spi_session/bbstub_locked |                3 |              8 |         2.67 |
|  u_clk_wiz_0/inst/clk_out1 | u_sd_spi_file_reader/u_sd_spi_sector_reader/filesystem_state_reg[1]_10[0]       | u_sd_spi_file_reader/u_sd_spi_sector_reader/u_spi_session/bbstub_locked |                4 |              8 |         2.00 |
|  u_clk_wiz_0/inst/clk_out1 | u_sd_spi_file_reader/u_sd_spi_sector_reader/filesystem_state_reg[1]_4[0]        | u_sd_spi_file_reader/u_sd_spi_sector_reader/u_spi_session/bbstub_locked |                5 |              8 |         1.60 |
|  u_clk_wiz_0/inst/clk_out1 | u_sd_spi_file_reader/u_sd_spi_sector_reader/filesystem_state_reg[1]_5[0]        | u_sd_spi_file_reader/u_sd_spi_sector_reader/u_spi_session/bbstub_locked |                2 |              8 |         4.00 |
|  u_clk_wiz_0/inst/clk_out1 | u_sd_spi_file_reader/u_sd_spi_sector_reader/filesystem_state_reg[1]_7[0]        | u_sd_spi_file_reader/u_sd_spi_sector_reader/u_spi_session/bbstub_locked |                2 |              8 |         4.00 |
|  u_clk_wiz_0/inst/clk_out1 | u_sd_spi_file_reader/u_sd_spi_sector_reader/filesystem_state_reg[1]_11[0]       | u_sd_spi_file_reader/u_sd_spi_sector_reader/u_spi_session/bbstub_locked |                3 |              8 |         2.67 |
|  u_clk_wiz_0/inst/clk_out1 | u_sd_spi_file_reader/u_sd_spi_sector_reader/filesystem_state_reg[1]_2[0]        | u_sd_spi_file_reader/u_sd_spi_sector_reader/u_spi_session/bbstub_locked |                2 |              8 |         4.00 |
|  u_clk_wiz_0/inst/clk_out1 | u_sd_spi_file_reader/u_sd_spi_sector_reader/filesystem_state_reg[1]_12[0]       | u_sd_spi_file_reader/u_sd_spi_sector_reader/u_spi_session/bbstub_locked |                3 |              8 |         2.67 |
|  u_clk_wiz_0/inst/clk_out1 | u_sd_spi_file_reader/u_sd_spi_sector_reader/filesystem_state_reg[1]_3[0]        | u_sd_spi_file_reader/u_sd_spi_sector_reader/u_spi_session/bbstub_locked |                4 |              8 |         2.00 |
|  u_clk_wiz_0/inst/clk_out1 | u_sd_spi_file_reader/u_sd_spi_sector_reader/raddr_reg[2]_6[0]                   |                                                                         |                4 |              8 |         2.00 |
|  u_clk_wiz_0/inst/clk_out1 | u_sd_spi_file_reader/u_sd_spi_sector_reader/raddr_reg[1]_3[0]                   |                                                                         |                3 |              8 |         2.67 |
|  u_clk_wiz_0/inst/clk_out1 | u_sd_spi_file_reader/u_sd_spi_sector_reader/raddr_reg[1]_1[0]                   |                                                                         |                2 |              8 |         4.00 |
|  u_clk_wiz_0/inst/clk_out1 | u_sd_spi_file_reader/u_sd_spi_sector_reader/raddr_reg[4]_0[0]                   |                                                                         |                3 |              8 |         2.67 |
|  u_clk_wiz_0/inst/clk_out1 | u_sd_spi_file_reader/u_sd_spi_sector_reader/raddr_reg[0]_2[0]                   |                                                                         |                2 |              8 |         4.00 |
|  u_clk_wiz_0/inst/clk_out1 | u_sd_spi_file_reader/u_sd_spi_sector_reader/raddr_reg[2]_3[0]                   |                                                                         |                2 |              8 |         4.00 |
|  u_clk_wiz_0/inst/clk_out1 | u_sd_spi_file_reader/u_sd_spi_sector_reader/raddr_reg[1]_4[0]                   |                                                                         |                5 |              8 |         1.60 |
|  u_clk_wiz_0/inst/clk_out1 | u_sd_spi_file_reader/u_sd_spi_sector_reader/raddr_reg[2]_4[0]                   |                                                                         |                2 |              8 |         4.00 |
|  u_clk_wiz_0/inst/clk_out1 | u_sd_spi_file_reader/u_sd_spi_sector_reader/raddr_reg[2]_5[0]                   |                                                                         |                4 |              8 |         2.00 |
|  u_clk_wiz_0/inst/clk_out1 | u_sd_spi_file_reader/u_sd_spi_sector_reader/raddr_reg[1]_2[0]                   |                                                                         |                3 |              8 |         2.67 |
|  u_clk_wiz_0/inst/clk_out1 | u_sd_spi_file_reader/u_sd_spi_sector_reader/raddr_reg[1]_0[0]                   |                                                                         |                2 |              8 |         4.00 |
|  u_clk_wiz_0/inst/clk_out1 | u_sd_spi_file_reader/u_sd_spi_sector_reader/raddr_reg[1]_5[0]                   |                                                                         |                4 |              8 |         2.00 |
|  u_clk_wiz_0/inst/clk_out1 | u_sd_spi_file_reader/u_sd_spi_sector_reader/raddr_reg[0]_1[0]                   |                                                                         |                2 |              8 |         4.00 |
|  u_clk_wiz_0/inst/clk_out1 | u_sd_spi_file_reader/u_sd_spi_sector_reader/raddr_reg[0]_0[0]                   |                                                                         |                3 |              8 |         2.67 |
|  u_clk_wiz_0/inst/clk_out1 | u_sd_spi_file_reader/u_sd_spi_sector_reader/raddr_reg[2]_0[0]                   |                                                                         |                3 |              8 |         2.67 |
|  u_clk_wiz_0/inst/clk_out1 | u_sd_spi_file_reader/u_sd_spi_sector_reader/raddr_reg[2]_7[0]                   |                                                                         |                5 |              8 |         1.60 |
|  u_clk_wiz_0/inst/clk_out1 | u_sd_spi_file_reader/u_sd_spi_sector_reader/raddr_reg[3]_0[0]                   |                                                                         |                1 |              8 |         8.00 |
|  u_clk_wiz_0/inst/clk_out1 | u_sd_spi_file_reader/u_sd_spi_sector_reader/raddr_reg[4]_4[0]                   |                                                                         |                3 |              8 |         2.67 |
|  u_clk_wiz_0/inst/clk_out1 | u_sd_spi_file_reader/u_sd_spi_sector_reader/raddr_reg[4]_3[0]                   |                                                                         |                2 |              8 |         4.00 |
|  u_clk_wiz_0/inst/clk_out1 | u_sd_spi_file_reader/u_sd_spi_sector_reader/raddr_reg[8]_0[0]                   |                                                                         |                2 |              8 |         4.00 |
|  u_clk_wiz_0/inst/clk_out1 | u_sd_spi_file_reader/u_sd_spi_sector_reader/raddr_reg[4]_1[0]                   |                                                                         |                2 |              8 |         4.00 |
|  u_clk_wiz_0/inst/clk_out1 | u_sd_spi_file_reader/u_sd_spi_sector_reader/raddr_reg[4]_2[0]                   |                                                                         |                2 |              8 |         4.00 |
|  u_clk_wiz_0/inst/clk_out1 | u_sd_spi_file_reader/u_sd_spi_sector_reader/raddr_reg[8]_1[0]                   |                                                                         |                7 |              8 |         1.14 |
|  u_clk_wiz_0/inst/clk_out1 | u_sd_spi_file_reader/u_sd_spi_sector_reader/search_fat_reg[1]                   | u_sd_spi_file_reader/u_sd_spi_sector_reader/u_spi_session/bbstub_locked |                4 |              8 |         2.00 |
|  u_clk_wiz_0/inst/clk_out1 | u_sd_spi_file_reader/u_sd_spi_sector_reader/search_fat_reg[0]                   | u_sd_spi_file_reader/u_sd_spi_sector_reader/u_spi_session/bbstub_locked |                3 |              8 |         2.67 |
|  u_clk_wiz_0/inst/clk_out1 | u_sd_spi_file_reader/u_sd_spi_sector_reader/E[0]                                | u_sd_spi_file_reader/u_sd_spi_sector_reader/u_spi_session/bbstub_locked |                4 |              8 |         2.00 |
|  u_clk_wiz_0/inst/clk_out1 | u_sd_spi_file_reader/u_sd_spi_sector_reader/E[1]                                | u_sd_spi_file_reader/u_sd_spi_sector_reader/u_spi_session/bbstub_locked |                4 |              8 |         2.00 |
|  u_clk_wiz_0/inst/clk_out1 | u_sd_spi_file_reader/u_sd_spi_sector_reader/E[2]                                | u_sd_spi_file_reader/u_sd_spi_sector_reader/u_spi_session/bbstub_locked |                3 |              8 |         2.67 |
|  u_clk_wiz_0/inst/clk_out1 | u_sd_spi_file_reader/u_sd_spi_sector_reader/E[3]                                | u_sd_spi_file_reader/u_sd_spi_sector_reader/u_spi_session/bbstub_locked |                2 |              8 |         4.00 |
|  u_clk_wiz_0/inst/clk_out1 | u_sd_spi_file_reader/u_sd_spi_sector_reader/done_reg_2[0]                       | u_sd_spi_file_reader/u_sd_spi_sector_reader/u_spi_session/bbstub_locked |                2 |              8 |         4.00 |
|  u_clk_wiz_0/inst/clk_out1 | u_sd_spi_file_reader/u_sd_spi_sector_reader/u_spi_session/acmdc[7]_i_1_n_0      | u_sd_spi_file_reader/u_sd_spi_sector_reader/u_spi_session/bbstub_locked |                3 |              8 |         2.67 |
|  u_clk_wiz_0/inst/clk_out1 | u_sd_spi_file_reader/u_sd_spi_sector_reader/u_spi_session/acmdrwait[7]_i_1_n_0  | u_sd_spi_file_reader/u_sd_spi_sector_reader/u_spi_session/bbstub_locked |                3 |              8 |         2.67 |
|  u_clk_wiz_0/inst/clk_out1 | u_sd_spi_file_reader/u_sd_spi_sector_reader/u_spi_session/acmdrc[7]_i_1_n_0     | u_sd_spi_file_reader/u_sd_spi_sector_reader/u_spi_session/bbstub_locked |                2 |              8 |         4.00 |
|  u_clk_wiz_0/inst/clk_out1 | u_sd_spi_file_reader/u_sd_spi_sector_reader/u_spi_session/acmdrsp[7]_i_1_n_0    | u_sd_spi_file_reader/u_sd_spi_sector_reader/u_spi_session/bbstub_locked |                2 |              8 |         4.00 |
|  u_clk_wiz_0/inst/clk_out1 | u_sd_spi_file_reader/u_sd_spi_sector_reader/u_spi_session/cmdc[7]_i_1_n_0       | u_sd_spi_file_reader/u_sd_spi_sector_reader/u_spi_session/bbstub_locked |                2 |              8 |         4.00 |
|  u_clk_wiz_0/inst/clk_out1 | u_sd_spi_file_reader/u_sd_spi_sector_reader/u_spi_session/cmdres[7]_i_1_n_0     | u_sd_spi_file_reader/u_sd_spi_sector_reader/u_spi_session/bbstub_locked |                2 |              8 |         4.00 |
|  u_clk_wiz_0/inst/clk_out1 | u_sd_spi_file_reader/u_sd_spi_sector_reader/u_spi_session/cmdrwait[7]_i_1_n_0   | u_sd_spi_file_reader/u_sd_spi_sector_reader/u_spi_session/bbstub_locked |                5 |              8 |         1.60 |
|  u_clk_wiz_0/inst/clk_out1 | u_sd_spi_file_reader/u_sd_spi_sector_reader/u_spi_session/cmdrsp[7]_i_1_n_0     | u_sd_spi_file_reader/u_sd_spi_sector_reader/u_spi_session/bbstub_locked |                2 |              8 |         4.00 |
|  u_clk_wiz_0/inst/clk_out1 | u_sd_spi_file_reader/u_sd_spi_sector_reader/u_spi_session/cmdrc[7]_i_1_n_0      | u_sd_spi_file_reader/u_sd_spi_sector_reader/u_spi_session/bbstub_locked |                4 |              8 |         2.00 |
|  u_clk_wiz_0/inst/clk_out1 | u_sd_spi_file_reader/u_sd_spi_sector_reader/u_spi_session/lastc[7]_i_1_n_0      | u_sd_spi_file_reader/u_sd_spi_sector_reader/u_spi_session/bbstub_locked |                3 |              8 |         2.67 |
|  u_clk_wiz_0/inst/clk_out1 | u_sd_spi_file_reader/u_sd_spi_sector_reader/u_spi_session/prec[7]_i_1_n_0       | u_sd_spi_file_reader/u_sd_spi_sector_reader/u_spi_session/bbstub_locked |                3 |              8 |         2.67 |
|  u_clk_wiz_0/inst/clk_out1 | u_sd_spi_file_reader/u_sd_spi_sector_reader/u_spi_session/midc[7]_i_1_n_0       | u_sd_spi_file_reader/u_sd_spi_sector_reader/u_spi_session/bbstub_locked |                3 |              8 |         2.67 |
|  u_clk_wiz_0/inst/clk_out1 | u_sd_spi_file_reader/u_sd_spi_sector_reader/u_spi_session/rec[7]_i_1_n_0        | u_sd_spi_file_reader/u_sd_spi_sector_reader/u_spi_session/bbstub_locked |                3 |              8 |         2.67 |
|  u_clk_wiz_0/inst/clk_out1 | u_uart_tx/data[7]_i_1_n_0                                                       | u_sd_spi_file_reader/u_sd_spi_sector_reader/u_spi_session/bbstub_locked |                2 |              9 |         4.50 |
|  u_clk_wiz_0/inst/clk_out1 | u_uart_tx/txbits_0                                                              | u_sd_spi_file_reader/u_sd_spi_sector_reader/u_spi_session/bbstub_locked |                3 |             10 |         3.33 |
|  u_clk_wiz_0/inst/clk_out1 | u_sd_spi_file_reader/u_sd_spi_sector_reader/u_spi_session/chipselect            | u_sd_spi_file_reader/u_sd_spi_sector_reader/u_spi_session/bbstub_locked |                4 |             10 |         2.50 |
|  u_clk_wiz_0/inst/clk_out1 | u_uart_tx/p_0_in5_out                                                           | u_sd_spi_file_reader/u_sd_spi_sector_reader/u_spi_session/bbstub_locked |                4 |             15 |         3.75 |
|  u_clk_wiz_0/inst/clk_out1 | u_sd_spi_file_reader/u_sd_spi_sector_reader/u_spi_session/rwc[15]_i_1_n_0       | u_sd_spi_file_reader/u_sd_spi_sector_reader/u_spi_session/bbstub_locked |                5 |             16 |         3.20 |
|  u_clk_wiz_0/inst/clk_out1 | u_sd_spi_file_reader/u_sd_spi_sector_reader/fptr0                               | u_sd_spi_file_reader/u_sd_spi_sector_reader/u_spi_session/bbstub_locked |                8 |             32 |         4.00 |
|  u_clk_wiz_0/inst/clk_out1 | u_sd_spi_file_reader/u_sd_spi_sector_reader/done_reg_3[0]                       | u_sd_spi_file_reader/u_sd_spi_sector_reader/u_spi_session/bbstub_locked |               18 |             32 |         1.78 |
|  u_clk_wiz_0/inst/clk_out1 | u_sd_spi_file_reader/u_sd_spi_sector_reader/u_spi_session/cardstate_reg[1]_1[0] | u_sd_spi_file_reader/u_sd_spi_sector_reader/u_spi_session/bbstub_locked |               10 |             32 |         3.20 |
|  u_clk_wiz_0/inst/clk_out1 | u_sd_spi_file_reader/u_sd_spi_sector_reader/done_reg_1[0]                       | u_sd_spi_file_reader/u_sd_spi_sector_reader/u_spi_session/bbstub_locked |               29 |             32 |         1.10 |
|  u_clk_wiz_0/inst/clk_out1 | u_sd_spi_file_reader/u_sd_spi_sector_reader/u_spi_session/cmdr                  | u_sd_spi_file_reader/u_sd_spi_sector_reader/u_spi_session/bbstub_locked |               11 |             43 |         3.91 |
|  u_clk_wiz_0/inst/clk_out1 | u_sd_spi_file_reader/u_sd_spi_sector_reader/done_reg_0[0]                       | u_sd_spi_file_reader/u_sd_spi_sector_reader/u_spi_session/bbstub_locked |               11 |             44 |         4.00 |
|  u_clk_wiz_0/inst/clk_out1 | u_sd_spi_file_reader/file_found0                                                | u_sd_spi_file_reader/u_sd_spi_sector_reader/u_spi_session/bbstub_locked |               14 |             50 |         3.57 |
|  u_clk_wiz_0/inst/clk_out1 | u_sd_spi_file_reader/u_sd_spi_sector_reader/fready155_out                       | u_sd_spi_file_reader/u_sd_spi_sector_reader/u_spi_session/bbstub_locked |               25 |             64 |         2.56 |
|  u_clk_wiz_0/inst/clk_out1 | u_sd_spi_file_reader/u_sd_spi_sector_reader/sector_content_reg[86][7][0]        | u_sd_spi_file_reader/u_sd_spi_sector_reader/u_spi_session/bbstub_locked |               18 |             72 |         4.00 |
|  u_clk_wiz_0/inst/clk_out1 |                                                                                 | u_sd_spi_file_reader/u_sd_spi_sector_reader/u_spi_session/bbstub_locked |              112 |            364 |         3.25 |
+----------------------------+---------------------------------------------------------------------------------+-------------------------------------------------------------------------+------------------+----------------+--------------+


