
*** Running vivado
    with args -log design_1_dlmb_bram_if_cntlr_1.vds -m64 -product Vivado -mode batch -messageDb vivado.pb -notrace -source design_1_dlmb_bram_if_cntlr_1.tcl



****** Vivado v2022.2 (64-bit)
  **** SW Build 3671981 on Fri Oct 14 05:00:03 MDT 2022
  **** IP Build 3669848 on Fri Oct 14 08:30:02 MDT 2022
    ** Copyright 1986-2022 Xilinx, Inc. All Rights Reserved.

source design_1_dlmb_bram_if_cntlr_1.tcl -notrace
INFO: [IP_Flow 19-234] Refreshing IP repositories
INFO: [IP_Flow 19-1700] Loaded user IP repository 'c:/Users/timhs/OneDrive/Documents/Vivado/Lab_7.1/ip_repo/hdmi_text_controller_1_0'.
INFO: [IP_Flow 19-1700] Loaded user IP repository 'c:/Users/timhs/OneDrive/Documents/Vivado/RD_hdmi_ip2020'.
INFO: [IP_Flow 19-2313] Loaded Vivado IP repository 'C:/Xilinx/Vivado/2022.2/data/ip'.
INFO: [IP_Flow 19-6924] IPCACHE: Running cache check for IP inst: design_1_dlmb_bram_if_cntlr_1
INFO: [IP_Flow 19-6922] IPCACHE: Exporting cached entry 56ffb8c9ead53498 to dir: C:/Users/timhs/OneDrive/Documents/Vivado/Lab_7.1/Lab7.1/Lab7.1.runs/design_1_dlmb_bram_if_cntlr_1_synth_1
INFO: [IP_Flow 19-6928] IPCACHE: copied cached file c:/Users/timhs/OneDrive/Documents/Vivado/Lab_7.1/Lab7.1/Lab7.1.cache/ip/2022.2/5/6/56ffb8c9ead53498/design_1_dlmb_bram_if_cntlr_1.dcp to C:/Users/timhs/OneDrive/Documents/Vivado/Lab_7.1/Lab7.1/Lab7.1.runs/design_1_dlmb_bram_if_cntlr_1_synth_1/design_1_dlmb_bram_if_cntlr_1.dcp.
INFO: [IP_Flow 19-6928] IPCACHE: copied cached file c:/Users/timhs/OneDrive/Documents/Vivado/Lab_7.1/Lab7.1/Lab7.1.cache/ip/2022.2/5/6/56ffb8c9ead53498/design_1_dlmb_bram_if_cntlr_1_sim_netlist.v to C:/Users/timhs/OneDrive/Documents/Vivado/Lab_7.1/Lab7.1/Lab7.1.runs/design_1_dlmb_bram_if_cntlr_1_synth_1/design_1_dlmb_bram_if_cntlr_1_sim_netlist.v.
INFO: [IP_Flow 19-6928] IPCACHE: copied cached file c:/Users/timhs/OneDrive/Documents/Vivado/Lab_7.1/Lab7.1/Lab7.1.cache/ip/2022.2/5/6/56ffb8c9ead53498/design_1_dlmb_bram_if_cntlr_1_sim_netlist.vhdl to C:/Users/timhs/OneDrive/Documents/Vivado/Lab_7.1/Lab7.1/Lab7.1.runs/design_1_dlmb_bram_if_cntlr_1_synth_1/design_1_dlmb_bram_if_cntlr_1_sim_netlist.vhdl.
INFO: [IP_Flow 19-6928] IPCACHE: copied cached file c:/Users/timhs/OneDrive/Documents/Vivado/Lab_7.1/Lab7.1/Lab7.1.cache/ip/2022.2/5/6/56ffb8c9ead53498/design_1_dlmb_bram_if_cntlr_1_stub.v to C:/Users/timhs/OneDrive/Documents/Vivado/Lab_7.1/Lab7.1/Lab7.1.runs/design_1_dlmb_bram_if_cntlr_1_synth_1/design_1_dlmb_bram_if_cntlr_1_stub.v.
INFO: [IP_Flow 19-6928] IPCACHE: copied cached file c:/Users/timhs/OneDrive/Documents/Vivado/Lab_7.1/Lab7.1/Lab7.1.cache/ip/2022.2/5/6/56ffb8c9ead53498/design_1_dlmb_bram_if_cntlr_1_stub.vhdl to C:/Users/timhs/OneDrive/Documents/Vivado/Lab_7.1/Lab7.1/Lab7.1.runs/design_1_dlmb_bram_if_cntlr_1_synth_1/design_1_dlmb_bram_if_cntlr_1_stub.vhdl.
INFO: [IP_Flow 19-4838] Using cached IP synthesis design for IP design_1_dlmb_bram_if_cntlr_1, cache-ID = 56ffb8c9ead53498.
INFO: [Common 17-206] Exiting Vivado at Thu Apr  3 20:25:34 2025...
