15:39:02 DEBUG : Logs will be stored at 'C:/Users/timhs/OneDrive/Documents/Vivado/Lab_6.1/Lab_6.1/Vitis/IDE.log'.
15:39:06 INFO  : Launching XSCT server: xsct.bat -n  -interactive C:\Users\timhs\OneDrive\Documents\Vivado\Lab_6.1\Lab_6.1\Vitis\temp_xsdb_launch_script.tcl
15:39:06 INFO  : Platform repository initialization has completed.
15:39:06 INFO  : Registering command handlers for Vitis TCF services
15:39:09 INFO  : XSCT server has started successfully.
15:39:15 INFO  : plnx-install-location is set to ''
15:39:15 INFO  : Successfully done setting XSCT server connection channel  
15:39:15 INFO  : Successfully done query RDI_DATADIR 
15:39:15 INFO  : Successfully done setting workspace for the tool. 
15:43:24 INFO  : Result from executing command 'getProjects': mb_intro_top
15:43:24 INFO  : Result from executing command 'getPlatforms': 
15:43:24 WARN  : An unexpected exception occurred in the module 'platform project logging'
15:43:24 INFO  : Platform 'mb_intro_top' is added to custom repositories.
15:43:27 INFO  : Platform 'mb_intro_top' is added to custom repositories.
19:41:32 INFO  : Result from executing command 'getProjects': mb_intro_top
19:41:32 INFO  : Result from executing command 'getPlatforms': mb_intro_top|C:/Users/timhs/OneDrive/Documents/Vivado/Lab_6.1/Lab_6.1/Vitis/mb_intro_top/export/mb_intro_top/mb_intro_top.xpfm
19:41:32 INFO  : Checking for BSP changes to sync application flags for project 'mb_blink'...
19:50:55 INFO  : Checking for BSP changes to sync application flags for project 'mb_blink'...
19:51:02 INFO  : Checking for BSP changes to sync application flags for project 'mb_blink'...
19:54:39 INFO  : Checking for BSP changes to sync application flags for project 'mb_blink'...
19:54:49 INFO  : Checking for BSP changes to sync application flags for project 'mb_blink'...
21:03:13 INFO  : Checking for BSP changes to sync application flags for project 'mb_blink'...
21:03:29 INFO  : Checking for BSP changes to sync application flags for project 'mb_blink'...
21:03:36 INFO  : Checking for BSP changes to sync application flags for project 'mb_blink'...
21:07:04 INFO  : Connected to target on host '127.0.0.1' and port '3121'.
21:07:04 INFO  : Jtag cable 'RealDigital Boo 88710000000FA' is selected.
21:07:04 INFO  : 'jtag frequency' command is executed.
21:07:05 INFO  : 'targets -set -filter {jtag_cable_name =~ "RealDigital Boo 88710000000FA" && level==0 && jtag_device_ctx=="jsn1-0362f093-0"}' command is executed.
21:07:06 INFO  : Device configured successfully with "C:/Users/timhs/OneDrive/Documents/Vivado/Lab_6.1/Lab_6.1/Vitis/mb_blink/_ide/bitstream/mb_intro_top.bit"
21:07:06 INFO  : Context for processor 'microblaze_0' is selected.
21:07:06 INFO  : Hardware design and registers information is loaded from 'C:/Users/timhs/OneDrive/Documents/Vivado/Lab_6.1/Lab_6.1/Vitis/mb_intro_top/export/mb_intro_top/hw/mb_intro_top.xsa'.
21:07:06 INFO  : 'configparams mdm-detect-bscan-mask 2' command is executed.
21:07:06 INFO  : Context for processor 'microblaze_0' is selected.
21:07:06 INFO  : System reset is completed.
21:07:09 INFO  : 'after 3000' command is executed.
21:07:09 INFO  : Context for processor 'microblaze_0' is selected.
21:07:09 INFO  : The application 'C:/Users/timhs/OneDrive/Documents/Vivado/Lab_6.1/Lab_6.1/Vitis/mb_blink/Debug/mb_blink.elf' is downloaded to processor 'microblaze_0'.
21:07:09 INFO  : ----------------XSDB Script----------------
connect -url tcp:127.0.0.1:3121
targets -set -filter {jtag_cable_name =~ "RealDigital Boo 88710000000FA" && level==0 && jtag_device_ctx=="jsn1-0362f093-0"}
fpga -file C:/Users/timhs/OneDrive/Documents/Vivado/Lab_6.1/Lab_6.1/Vitis/mb_blink/_ide/bitstream/mb_intro_top.bit
targets -set -nocase -filter {name =~ "*microblaze*#0" && bscan=="USER2" }
loadhw -hw C:/Users/timhs/OneDrive/Documents/Vivado/Lab_6.1/Lab_6.1/Vitis/mb_intro_top/export/mb_intro_top/hw/mb_intro_top.xsa -regs
configparams mdm-detect-bscan-mask 2
targets -set -nocase -filter {name =~ "*microblaze*#0" && bscan=="USER2" }
rst -system
after 3000
targets -set -nocase -filter {name =~ "*microblaze*#0" && bscan=="USER2" }
dow C:/Users/timhs/OneDrive/Documents/Vivado/Lab_6.1/Lab_6.1/Vitis/mb_blink/Debug/mb_blink.elf
----------------End of Script----------------

21:07:09 INFO  : Context for processor 'microblaze_0' is selected.
21:07:09 INFO  : 'con' command is executed.
21:07:09 INFO  : ----------------XSDB Script (After Launch)----------------
targets -set -nocase -filter {name =~ "*microblaze*#0" && bscan=="USER2" }
con
----------------End of Script----------------

21:07:09 INFO  : Launch script is exported to file 'C:\Users\timhs\OneDrive\Documents\Vivado\Lab_6.1\Lab_6.1\Vitis\mb_blink_system\_ide\scripts\debugger_mb_blink-default.tcl'
13:22:06 INFO  : Result from executing command 'getProjects': mb_intro_top;mb_intro_top_acc
13:22:06 INFO  : Result from executing command 'getPlatforms': mb_intro_top|C:/Users/timhs/OneDrive/Documents/Vivado/Lab_6.1/Lab_6.1/Vitis/mb_intro_top/export/mb_intro_top/mb_intro_top.xpfm
13:22:06 INFO  : Platform 'mb_intro_top_acc' is added to custom repositories.
13:22:08 INFO  : Platform 'mb_intro_top_acc' is added to custom repositories.
13:31:24 INFO  : Disconnected from the channel tcfchan#2.
13:31:25 INFO  : Connected to target on host '127.0.0.1' and port '3121'.
13:31:25 INFO  : Jtag cable 'RealDigital Boo 88710000000FA' is selected.
13:31:25 INFO  : 'jtag frequency' command is executed.
13:31:25 INFO  : 'targets -set -filter {jtag_cable_name =~ "RealDigital Boo 88710000000FA" && level==0 && jtag_device_ctx=="jsn1-0362f093-0"}' command is executed.
13:31:26 INFO  : Device configured successfully with "C:/Users/timhs/OneDrive/Documents/Vivado/Lab_6.1/Lab_6.1/Vitis/mb_blink/_ide/bitstream/mb_intro_top.bit"
13:31:26 INFO  : Context for processor 'microblaze_0' is selected.
13:31:26 INFO  : Hardware design and registers information is loaded from 'C:/Users/timhs/OneDrive/Documents/Vivado/Lab_6.1/Lab_6.1/Vitis/mb_intro_top/export/mb_intro_top/hw/mb_intro_top.xsa'.
13:31:26 INFO  : 'configparams mdm-detect-bscan-mask 2' command is executed.
13:31:26 INFO  : Context for processor 'microblaze_0' is selected.
13:31:26 INFO  : System reset is completed.
13:31:29 INFO  : 'after 3000' command is executed.
13:31:29 INFO  : Context for processor 'microblaze_0' is selected.
13:31:29 ERROR : Cannot stop MicroBlaze. MicroBlaze is held in reset
13:31:29 INFO  : ----------------XSDB Script----------------
connect -url tcp:127.0.0.1:3121
targets -set -filter {jtag_cable_name =~ "RealDigital Boo 88710000000FA" && level==0 && jtag_device_ctx=="jsn1-0362f093-0"}
fpga -file C:/Users/timhs/OneDrive/Documents/Vivado/Lab_6.1/Lab_6.1/Vitis/mb_blink/_ide/bitstream/mb_intro_top.bit
targets -set -nocase -filter {name =~ "*microblaze*#0" && bscan=="USER2" }
loadhw -hw C:/Users/timhs/OneDrive/Documents/Vivado/Lab_6.1/Lab_6.1/Vitis/mb_intro_top/export/mb_intro_top/hw/mb_intro_top.xsa -regs
configparams mdm-detect-bscan-mask 2
targets -set -nocase -filter {name =~ "*microblaze*#0" && bscan=="USER2" }
rst -system
after 3000
targets -set -nocase -filter {name =~ "*microblaze*#0" && bscan=="USER2" }
dow C:/Users/timhs/OneDrive/Documents/Vivado/Lab_6.1/Lab_6.1/Vitis/mb_blink/Debug/mb_blink.elf
----------------End of Script----------------

13:31:29 ERROR : Cannot stop MicroBlaze. MicroBlaze is held in reset
13:32:02 INFO  : Result from executing command 'getProjects': mb_intro_top;mb_intro_top_acc
13:32:02 INFO  : Result from executing command 'getPlatforms': mb_intro_top_acc|C:/Users/timhs/OneDrive/Documents/Vivado/Lab_6.1/Lab_6.1/Vitis/mb_intro_top_acc/export/mb_intro_top_acc/mb_intro_top_acc.xpfm;mb_intro_top|C:/Users/timhs/OneDrive/Documents/Vivado/Lab_6.1/Lab_6.1/Vitis/mb_intro_top/export/mb_intro_top/mb_intro_top.xpfm
13:32:02 INFO  : Checking for BSP changes to sync application flags for project 'mb_intro_acc'...
13:32:43 INFO  : Checking for BSP changes to sync application flags for project 'mb_intro_acc'...
13:33:30 INFO  : Connected to target on host '127.0.0.1' and port '3121'.
13:33:30 INFO  : Jtag cable 'RealDigital Boo 88710000000FA' is selected.
13:33:30 INFO  : 'jtag frequency' command is executed.
13:33:30 INFO  : 'targets -set -filter {jtag_cable_name =~ "RealDigital Boo 88710000000FA" && level==0 && jtag_device_ctx=="jsn1-0362f093-0"}' command is executed.
13:33:31 INFO  : Device configured successfully with "C:/Users/timhs/OneDrive/Documents/Vivado/Lab_6.1/Lab_6.1/Vitis/mb_intro_acc/_ide/bitstream/mb_intro_top_acc.bit"
13:33:31 INFO  : Context for processor 'microblaze_0' is selected.
13:33:31 INFO  : Hardware design and registers information is loaded from 'C:/Users/timhs/OneDrive/Documents/Vivado/Lab_6.1/Lab_6.1/Vitis/mb_intro_top_acc/export/mb_intro_top_acc/hw/mb_intro_top_acc.xsa'.
13:33:31 INFO  : 'configparams mdm-detect-bscan-mask 2' command is executed.
13:33:31 INFO  : Context for processor 'microblaze_0' is selected.
13:33:31 INFO  : System reset is completed.
13:33:34 INFO  : 'after 3000' command is executed.
13:33:34 INFO  : Context for processor 'microblaze_0' is selected.
13:33:34 INFO  : The application 'C:/Users/timhs/OneDrive/Documents/Vivado/Lab_6.1/Lab_6.1/Vitis/mb_intro_acc/Debug/mb_intro_acc.elf' is downloaded to processor 'microblaze_0'.
13:33:34 INFO  : ----------------XSDB Script----------------
connect -url tcp:127.0.0.1:3121
targets -set -filter {jtag_cable_name =~ "RealDigital Boo 88710000000FA" && level==0 && jtag_device_ctx=="jsn1-0362f093-0"}
fpga -file C:/Users/timhs/OneDrive/Documents/Vivado/Lab_6.1/Lab_6.1/Vitis/mb_intro_acc/_ide/bitstream/mb_intro_top_acc.bit
targets -set -nocase -filter {name =~ "*microblaze*#0" && bscan=="USER2" }
loadhw -hw C:/Users/timhs/OneDrive/Documents/Vivado/Lab_6.1/Lab_6.1/Vitis/mb_intro_top_acc/export/mb_intro_top_acc/hw/mb_intro_top_acc.xsa -regs
configparams mdm-detect-bscan-mask 2
targets -set -nocase -filter {name =~ "*microblaze*#0" && bscan=="USER2" }
rst -system
after 3000
targets -set -nocase -filter {name =~ "*microblaze*#0" && bscan=="USER2" }
dow C:/Users/timhs/OneDrive/Documents/Vivado/Lab_6.1/Lab_6.1/Vitis/mb_intro_acc/Debug/mb_intro_acc.elf
----------------End of Script----------------

13:33:35 INFO  : Context for processor 'microblaze_0' is selected.
13:33:35 INFO  : 'con' command is executed.
13:33:35 INFO  : ----------------XSDB Script (After Launch)----------------
targets -set -nocase -filter {name =~ "*microblaze*#0" && bscan=="USER2" }
con
----------------End of Script----------------

13:33:35 INFO  : Launch script is exported to file 'C:\Users\timhs\OneDrive\Documents\Vivado\Lab_6.1\Lab_6.1\Vitis\mb_intro_acc_system\_ide\scripts\debugger_mb_blink-default_1.tcl'
13:42:33 INFO  : Hardware specification for platform project 'mb_intro_top_acc' is updated.
13:42:58 INFO  : Hardware specification for platform project 'mb_intro_top_acc' is updated.
13:43:19 INFO  : Result from executing command 'getProjects': mb_intro_top;mb_intro_top_acc
13:43:19 INFO  : Result from executing command 'getPlatforms': mb_intro_top_acc|C:/Users/timhs/OneDrive/Documents/Vivado/Lab_6.1/Lab_6.1/Vitis/mb_intro_top_acc/export/mb_intro_top_acc/mb_intro_top_acc.xpfm;mb_intro_top|C:/Users/timhs/OneDrive/Documents/Vivado/Lab_6.1/Lab_6.1/Vitis/mb_intro_top/export/mb_intro_top/mb_intro_top.xpfm
13:43:19 INFO  : Checking for BSP changes to sync application flags for project 'mb_intro_acc'...
13:43:21 INFO  : The hardware specification used by project 'mb_intro_acc' is out of sync with the platform. Resource files extracted from the hardware specification will be updated.
13:43:21 INFO  : The file 'C:\Users\timhs\OneDrive\Documents\Vivado\Lab_6.1\Lab_6.1\Vitis\mb_intro_acc\_ide\bitstream\mb_intro_top_acc.bit' stored in project is removed.
13:43:21 INFO  : The file 'C:\Users\timhs\OneDrive\Documents\Vivado\Lab_6.1\Lab_6.1\Vitis\mb_intro_acc\_ide\bitstream\mb_intro_top_acc.mmi' stored in project is removed.
13:43:21 INFO  : The updated bitstream files are copied from platform to folder 'C:\Users\timhs\OneDrive\Documents\Vivado\Lab_6.1\Lab_6.1\Vitis\mb_intro_acc\_ide\bitstream' in project 'mb_intro_acc'.
13:43:39 INFO  : Connected to target on host '127.0.0.1' and port '3121'.
13:43:53 INFO  : Connected to target on host '127.0.0.1' and port '3121'.
13:44:07 INFO  : Disconnected from the channel tcfchan#3.
13:44:08 INFO  : 'targets -set -filter {jtag_cable_name =~ "RealDigital Boo 88710000000FA" && level==0 && jtag_device_ctx=="jsn1-0362f093-0"}' command is executed.
13:44:08 INFO  : 'fpga -state' command is executed.
13:46:01 INFO  : Connected to target on host '127.0.0.1' and port '3121'.
13:46:01 INFO  : Jtag cable 'RealDigital Boo 88710000000FA' is selected.
13:46:01 INFO  : 'jtag frequency' command is executed.
13:46:01 INFO  : 'targets -set -filter {jtag_cable_name =~ "RealDigital Boo 88710000000FA" && level==0 && jtag_device_ctx=="jsn1-0362f093-0"}' command is executed.
13:46:02 INFO  : Device configured successfully with "C:/Users/timhs/OneDrive/Documents/Vivado/Lab_6.1/Lab_6.1/mb_intro_acc_v2.bit"
13:46:02 INFO  : Context for processor 'microblaze_0' is selected.
13:46:03 INFO  : Hardware design and registers information is loaded from 'C:/Users/timhs/OneDrive/Documents/Vivado/Lab_6.1/Lab_6.1/mb_intro_acc_v2.xsa'.
13:46:03 INFO  : 'configparams mdm-detect-bscan-mask 2' command is executed.
13:46:03 INFO  : Context for processor 'microblaze_0' is selected.
13:46:03 INFO  : System reset is completed.
13:46:06 INFO  : 'after 3000' command is executed.
13:46:06 INFO  : Context for processor 'microblaze_0' is selected.
13:46:06 INFO  : The application 'C:/Users/timhs/OneDrive/Documents/Vivado/Lab_6.1/Lab_6.1/Vitis/mb_intro_acc/Debug/mb_intro_acc.elf' is downloaded to processor 'microblaze_0'.
13:46:06 INFO  : ----------------XSDB Script----------------
connect -url tcp:127.0.0.1:3121
targets -set -filter {jtag_cable_name =~ "RealDigital Boo 88710000000FA" && level==0 && jtag_device_ctx=="jsn1-0362f093-0"}
fpga -file C:/Users/timhs/OneDrive/Documents/Vivado/Lab_6.1/Lab_6.1/mb_intro_acc_v2.bit
targets -set -nocase -filter {name =~ "*microblaze*#0" && bscan=="USER2" }
loadhw -hw C:/Users/timhs/OneDrive/Documents/Vivado/Lab_6.1/Lab_6.1/mb_intro_acc_v2.xsa -regs
configparams mdm-detect-bscan-mask 2
targets -set -nocase -filter {name =~ "*microblaze*#0" && bscan=="USER2" }
rst -system
after 3000
targets -set -nocase -filter {name =~ "*microblaze*#0" && bscan=="USER2" }
dow C:/Users/timhs/OneDrive/Documents/Vivado/Lab_6.1/Lab_6.1/Vitis/mb_intro_acc/Debug/mb_intro_acc.elf
----------------End of Script----------------

13:46:06 INFO  : Context for processor 'microblaze_0' is selected.
13:46:06 INFO  : 'con' command is executed.
13:46:06 INFO  : ----------------XSDB Script (After Launch)----------------
targets -set -nocase -filter {name =~ "*microblaze*#0" && bscan=="USER2" }
con
----------------End of Script----------------

13:46:06 INFO  : Launch script is exported to file 'C:\Users\timhs\OneDrive\Documents\Vivado\Lab_6.1\Lab_6.1\Vitis\mb_intro_acc_system\_ide\scripts\debugger_mb_blink-default_1.tcl'
14:05:27 INFO  : Hardware specification for platform project 'mb_intro_top_acc' is updated.
14:05:46 INFO  : Result from executing command 'getProjects': mb_intro_top;mb_intro_top_acc
14:05:46 INFO  : Result from executing command 'getPlatforms': mb_intro_top_acc|C:/Users/timhs/OneDrive/Documents/Vivado/Lab_6.1/Lab_6.1/Vitis/mb_intro_top_acc/export/mb_intro_top_acc/mb_intro_top_acc.xpfm;mb_intro_top|C:/Users/timhs/OneDrive/Documents/Vivado/Lab_6.1/Lab_6.1/Vitis/mb_intro_top/export/mb_intro_top/mb_intro_top.xpfm
14:05:47 INFO  : Checking for BSP changes to sync application flags for project 'mb_intro_acc'...
14:05:49 INFO  : The hardware specification used by project 'mb_intro_acc' is out of sync with the platform. Resource files extracted from the hardware specification will be updated.
14:05:49 INFO  : The file 'C:\Users\timhs\OneDrive\Documents\Vivado\Lab_6.1\Lab_6.1\Vitis\mb_intro_acc\_ide\bitstream\mb_intro_acc_v2.bit' stored in project is removed.
14:05:49 INFO  : The file 'C:\Users\timhs\OneDrive\Documents\Vivado\Lab_6.1\Lab_6.1\Vitis\mb_intro_acc\_ide\bitstream\mb_intro_acc_v2.mmi' stored in project is removed.
14:05:49 INFO  : The updated bitstream files are copied from platform to folder 'C:\Users\timhs\OneDrive\Documents\Vivado\Lab_6.1\Lab_6.1\Vitis\mb_intro_acc\_ide\bitstream' in project 'mb_intro_acc'.
14:06:40 INFO  : Disconnected from the channel tcfchan#6.
14:06:41 INFO  : Connected to target on host '127.0.0.1' and port '3121'.
14:06:50 INFO  : ----------------XSDB Script----------------
connect -url tcp:127.0.0.1:3121
----------------End of Script----------------

14:06:50 ERROR : Could not find FPGA device on the board for connection 'Local'.


Troubleshooting hints:
1. Check whether board is connected to system properly.
2. In case of zynq board, check whether Digilent/Xilinx cable switch settings are correct.
3. If you are using Xilinx Platform Cable USB, ensure that status LED is green.
14:07:07 INFO  : Connected to target on host '127.0.0.1' and port '3121'.
14:07:07 INFO  : Jtag cable 'RealDigital Boo 88710000000FA' is selected.
14:07:07 INFO  : 'jtag frequency' command is executed.
14:07:08 INFO  : 'targets -set -filter {jtag_cable_name =~ "RealDigital Boo 88710000000FA" && level==0 && jtag_device_ctx=="jsn1-0362f093-0"}' command is executed.
14:07:09 INFO  : Device configured successfully with "C:/Users/timhs/OneDrive/Documents/Vivado/Lab_6.1/Lab_6.1/mb_intro_accum_v3.bit"
14:07:09 INFO  : Context for processor 'microblaze_0' is selected.
14:07:09 INFO  : Hardware design and registers information is loaded from 'C:/Users/timhs/OneDrive/Documents/Vivado/Lab_6.1/Lab_6.1/mb_intro_accum_v3.xsa'.
14:07:09 INFO  : 'configparams mdm-detect-bscan-mask 2' command is executed.
14:07:09 INFO  : Context for processor 'microblaze_0' is selected.
14:07:09 INFO  : System reset is completed.
14:07:12 INFO  : 'after 3000' command is executed.
14:07:12 INFO  : Context for processor 'microblaze_0' is selected.
14:07:12 INFO  : The application 'C:/Users/timhs/OneDrive/Documents/Vivado/Lab_6.1/Lab_6.1/Vitis/mb_intro_acc/Debug/mb_intro_acc.elf' is downloaded to processor 'microblaze_0'.
14:07:12 INFO  : ----------------XSDB Script----------------
connect -url tcp:127.0.0.1:3121
targets -set -filter {jtag_cable_name =~ "RealDigital Boo 88710000000FA" && level==0 && jtag_device_ctx=="jsn1-0362f093-0"}
fpga -file C:/Users/timhs/OneDrive/Documents/Vivado/Lab_6.1/Lab_6.1/mb_intro_accum_v3.bit
targets -set -nocase -filter {name =~ "*microblaze*#0" && bscan=="USER2" }
loadhw -hw C:/Users/timhs/OneDrive/Documents/Vivado/Lab_6.1/Lab_6.1/mb_intro_accum_v3.xsa -regs
configparams mdm-detect-bscan-mask 2
targets -set -nocase -filter {name =~ "*microblaze*#0" && bscan=="USER2" }
rst -system
after 3000
targets -set -nocase -filter {name =~ "*microblaze*#0" && bscan=="USER2" }
dow C:/Users/timhs/OneDrive/Documents/Vivado/Lab_6.1/Lab_6.1/Vitis/mb_intro_acc/Debug/mb_intro_acc.elf
----------------End of Script----------------

14:07:12 INFO  : Context for processor 'microblaze_0' is selected.
14:07:12 INFO  : 'con' command is executed.
14:07:12 INFO  : ----------------XSDB Script (After Launch)----------------
targets -set -nocase -filter {name =~ "*microblaze*#0" && bscan=="USER2" }
con
----------------End of Script----------------

14:07:12 INFO  : Launch script is exported to file 'C:\Users\timhs\OneDrive\Documents\Vivado\Lab_6.1\Lab_6.1\Vitis\mb_intro_acc_system\_ide\scripts\debugger_mb_blink-default_1.tcl'
14:08:34 INFO  : Checking for BSP changes to sync application flags for project 'mb_intro_acc'...
14:08:52 INFO  : Disconnected from the channel tcfchan#8.
14:08:53 INFO  : Connected to target on host '127.0.0.1' and port '3121'.
14:08:53 INFO  : Jtag cable 'RealDigital Boo 88710000000FA' is selected.
14:08:53 INFO  : 'jtag frequency' command is executed.
14:08:53 INFO  : 'targets -set -filter {jtag_cable_name =~ "RealDigital Boo 88710000000FA" && level==0 && jtag_device_ctx=="jsn1-0362f093-0"}' command is executed.
14:08:55 INFO  : Device configured successfully with "C:/Users/timhs/OneDrive/Documents/Vivado/Lab_6.1/Lab_6.1/mb_intro_accum_v3.bit"
14:08:55 INFO  : Context for processor 'microblaze_0' is selected.
14:08:55 INFO  : Hardware design and registers information is loaded from 'C:/Users/timhs/OneDrive/Documents/Vivado/Lab_6.1/Lab_6.1/mb_intro_accum_v3.xsa'.
14:08:55 INFO  : 'configparams mdm-detect-bscan-mask 2' command is executed.
14:08:55 INFO  : Context for processor 'microblaze_0' is selected.
14:08:55 INFO  : System reset is completed.
14:08:58 INFO  : 'after 3000' command is executed.
14:08:58 INFO  : Context for processor 'microblaze_0' is selected.
14:08:58 INFO  : The application 'C:/Users/timhs/OneDrive/Documents/Vivado/Lab_6.1/Lab_6.1/Vitis/mb_intro_acc/Debug/mb_intro_acc.elf' is downloaded to processor 'microblaze_0'.
14:08:58 INFO  : ----------------XSDB Script----------------
connect -url tcp:127.0.0.1:3121
targets -set -filter {jtag_cable_name =~ "RealDigital Boo 88710000000FA" && level==0 && jtag_device_ctx=="jsn1-0362f093-0"}
fpga -file C:/Users/timhs/OneDrive/Documents/Vivado/Lab_6.1/Lab_6.1/mb_intro_accum_v3.bit
targets -set -nocase -filter {name =~ "*microblaze*#0" && bscan=="USER2" }
loadhw -hw C:/Users/timhs/OneDrive/Documents/Vivado/Lab_6.1/Lab_6.1/mb_intro_accum_v3.xsa -regs
configparams mdm-detect-bscan-mask 2
targets -set -nocase -filter {name =~ "*microblaze*#0" && bscan=="USER2" }
rst -system
after 3000
targets -set -nocase -filter {name =~ "*microblaze*#0" && bscan=="USER2" }
dow C:/Users/timhs/OneDrive/Documents/Vivado/Lab_6.1/Lab_6.1/Vitis/mb_intro_acc/Debug/mb_intro_acc.elf
----------------End of Script----------------

14:08:58 INFO  : Context for processor 'microblaze_0' is selected.
14:08:58 INFO  : 'con' command is executed.
14:08:58 INFO  : ----------------XSDB Script (After Launch)----------------
targets -set -nocase -filter {name =~ "*microblaze*#0" && bscan=="USER2" }
con
----------------End of Script----------------

14:08:58 INFO  : Launch script is exported to file 'C:\Users\timhs\OneDrive\Documents\Vivado\Lab_6.1\Lab_6.1\Vitis\mb_intro_acc_system\_ide\scripts\debugger_mb_blink-default_1.tcl'
14:10:36 INFO  : Checking for BSP changes to sync application flags for project 'mb_intro_acc'...
14:10:47 INFO  : Disconnected from the channel tcfchan#9.
14:10:48 INFO  : Connected to target on host '127.0.0.1' and port '3121'.
14:10:48 INFO  : Jtag cable 'RealDigital Boo 88710000000FA' is selected.
14:10:48 INFO  : 'jtag frequency' command is executed.
14:10:48 INFO  : 'targets -set -filter {jtag_cable_name =~ "RealDigital Boo 88710000000FA" && level==0 && jtag_device_ctx=="jsn1-0362f093-0"}' command is executed.
14:10:49 INFO  : Device configured successfully with "C:/Users/timhs/OneDrive/Documents/Vivado/Lab_6.1/Lab_6.1/mb_intro_accum_v3.bit"
14:10:49 INFO  : Context for processor 'microblaze_0' is selected.
14:10:49 INFO  : Hardware design and registers information is loaded from 'C:/Users/timhs/OneDrive/Documents/Vivado/Lab_6.1/Lab_6.1/mb_intro_accum_v3.xsa'.
14:10:49 INFO  : 'configparams mdm-detect-bscan-mask 2' command is executed.
14:10:49 INFO  : Context for processor 'microblaze_0' is selected.
14:10:49 INFO  : System reset is completed.
14:10:52 INFO  : 'after 3000' command is executed.
14:10:52 INFO  : Context for processor 'microblaze_0' is selected.
14:10:52 INFO  : The application 'C:/Users/timhs/OneDrive/Documents/Vivado/Lab_6.1/Lab_6.1/Vitis/mb_intro_acc/Debug/mb_intro_acc.elf' is downloaded to processor 'microblaze_0'.
14:10:52 INFO  : ----------------XSDB Script----------------
connect -url tcp:127.0.0.1:3121
targets -set -filter {jtag_cable_name =~ "RealDigital Boo 88710000000FA" && level==0 && jtag_device_ctx=="jsn1-0362f093-0"}
fpga -file C:/Users/timhs/OneDrive/Documents/Vivado/Lab_6.1/Lab_6.1/mb_intro_accum_v3.bit
targets -set -nocase -filter {name =~ "*microblaze*#0" && bscan=="USER2" }
loadhw -hw C:/Users/timhs/OneDrive/Documents/Vivado/Lab_6.1/Lab_6.1/mb_intro_accum_v3.xsa -regs
configparams mdm-detect-bscan-mask 2
targets -set -nocase -filter {name =~ "*microblaze*#0" && bscan=="USER2" }
rst -system
after 3000
targets -set -nocase -filter {name =~ "*microblaze*#0" && bscan=="USER2" }
dow C:/Users/timhs/OneDrive/Documents/Vivado/Lab_6.1/Lab_6.1/Vitis/mb_intro_acc/Debug/mb_intro_acc.elf
----------------End of Script----------------

14:10:52 INFO  : Context for processor 'microblaze_0' is selected.
14:10:52 INFO  : 'con' command is executed.
14:10:52 INFO  : ----------------XSDB Script (After Launch)----------------
targets -set -nocase -filter {name =~ "*microblaze*#0" && bscan=="USER2" }
con
----------------End of Script----------------

14:10:52 INFO  : Launch script is exported to file 'C:\Users\timhs\OneDrive\Documents\Vivado\Lab_6.1\Lab_6.1\Vitis\mb_intro_acc_system\_ide\scripts\debugger_mb_blink-default_1.tcl'
14:11:51 INFO  : Disconnected from the channel tcfchan#10.
